# JRE version: OpenJDK Runtime Environment Temurin-21.0.7+6 (21.0.7+6) (build 21.0.7+6-LTS)
# Java VM: OpenJDK 64-Bit Server VM Temurin-21.0.7+6 (21.0.7+6-LTS, mixed mode, emulated-client, sharing, tiered, compressed oops, compressed class ptrs, g1 gc, bsd-aarch64)
GC Precious Log:
 CardTable entry size: 512
 Card Set container configuration: InlinePtr #cards 5 size 8 Array Of Cards #cards 12 size 40 Howl #buckets 4 coarsen threshold 1843 Howl Bitmap #cards 512 size 80 coarsen threshold 460 Card regions per heap region 1 cards per card region 2048
 CPUs: 8 total, 8 available
 Memory: 8192M
 Large Page Support: Disabled
 NUMA Support: Disabled
 Compressed Oops: Enabled (Zero based)
 Heap Region Size: 1M
 Heap Min Capacity: 8M
 Heap Initial Capacity: 128M
 Heap Max Capacity: 2G
 Pre-touch: Disabled
 Parallel Workers: 8
 Concurrent Workers: 2
 Concurrent Refinement Workers: 8
 Periodic GC: Disabled
Heap:
 garbage-first heap   total 84992K, used 71558K [0x0000000780000000, 0x0000000800000000)
  region size 1024K, 53 young (54272K), 6 survivors (6144K)
 Metaspace       used 58707K, committed 59328K, reserved 1114112K
  class space    used 7697K, committed 8000K, reserved 1048576K
GC Heap History (20 events):
Event: 2.376 GC heap after
{Heap after GC invocations=17 (full 0):
 garbage-first heap   total 84992K, used 31523K [0x0000000780000000, 0x0000000800000000)
  region size 1024K, 4 young (4096K), 4 survivors (4096K)
 Metaspace       used 53609K, committed 54272K, reserved 1114112K
  class space    used 6991K, committed 7296K, reserved 1048576K
}
Event: 11.136 GC heap before
{Heap before GC invocations=17 (full 0):
 garbage-first heap   total 84992K, used 75555K [0x0000000780000000, 0x0000000800000000)
  region size 1024K, 47 young (48128K), 4 survivors (4096K)
 Metaspace       used 56969K, committed 57728K, reserved 1114112K
  class space    used 7455K, committed 7808K, reserved 1048576K
}
Event: 11.142 GC heap after
{Heap after GC invocations=18 (full 0):
 garbage-first heap   total 84992K, used 33700K [0x0000000780000000, 0x0000000800000000)
  region size 1024K, 5 young (5120K), 5 survivors (5120K)
 Metaspace       used 56969K, committed 57728K, reserved 1114112K
  class space    used 7455K, committed 7808K, reserved 1048576K
}
Event: 122.165 GC heap before
{Heap before GC invocations=18 (full 0):
 garbage-first heap   total 84992K, used 48036K [0x0000000780000000, 0x0000000800000000)
  region size 1024K, 20 young (20480K), 5 survivors (5120K)
 Metaspace       used 57424K, committed 58176K, reserved 1114112K
  class space    used 7540K, committed 7872K, reserved 1048576K
}
Event: 122.191 GC heap after
{Heap after GC invocations=19 (full 1):
 garbage-first heap   total 84992K, used 27413K [0x0000000780000000, 0x0000000800000000)
  region size 1024K, 0 young (0K), 0 survivors (0K)
 Metaspace       used 57392K, committed 58176K, reserved 1114112K
  class space    used 7533K, committed 7872K, reserved 1048576K
}
Event: 122.441 GC heap before
{Heap before GC invocations=19 (full 1):
 garbage-first heap   total 84992K, used 74517K [0x0000000780000000, 0x0000000800000000)
  region size 1024K, 47 young (48128K), 0 survivors (0K)
 Metaspace       used 57513K, committed 58240K, reserved 1114112K
  class space    used 7554K, committed 7872K, reserved 1048576K
}
Event: 122.446 GC heap after
{Heap after GC invocations=20 (full 1):
 garbage-first heap   total 84992K, used 31890K [0x0000000780000000, 0x0000000800000000)
  region size 1024K, 5 young (5120K), 5 survivors (5120K)
 Metaspace       used 57513K, committed 58240K, reserved 1114112K
  class space    used 7554K, committed 7872K, reserved 1048576K
}
Event: 211.934 GC heap before
{Heap before GC invocations=20 (full 1):
 garbage-first heap   total 84992K, used 56466K [0x0000000780000000, 0x0000000800000000)
  region size 1024K, 31 young (31744K), 5 survivors (5120K)
 Metaspace       used 58548K, committed 59264K, reserved 1114112K
  class space    used 7700K, committed 8000K, reserved 1048576K
}
Event: 211.991 GC heap after
{Heap after GC invocations=21 (full 2):
 garbage-first heap   total 84992K, used 26918K [0x0000000780000000, 0x0000000800000000)
  region size 1024K, 0 young (0K), 0 survivors (0K)
 Metaspace       used 58196K, committed 59264K, reserved 1114112K
  class space    used 7609K, committed 8000K, reserved 1048576K
}
Event: 212.725 GC heap before
{Heap before GC invocations=21 (full 2):
 garbage-first heap   total 84992K, used 72998K [0x0000000780000000, 0x0000000800000000)
  region size 1024K, 46 young (47104K), 0 survivors (0K)
 Metaspace       used 58316K, committed 59264K, reserved 1114112K
  class space    used 7629K, committed 8000K, reserved 1048576K
}
Event: 212.727 GC heap after
{Heap after GC invocations=22 (full 2):
 garbage-first heap   total 84992K, used 31518K [0x0000000780000000, 0x0000000800000000)
  region size 1024K, 5 young (5120K), 5 survivors (5120K)
 Metaspace       used 58316K, committed 59264K, reserved 1114112K
  class space    used 7629K, committed 8000K, reserved 1048576K
}
Event: 229.464 GC heap before
{Heap before GC invocations=22 (full 2):
 garbage-first heap   total 84992K, used 43806K [0x0000000780000000, 0x0000000800000000)
  region size 1024K, 18 young (18432K), 5 survivors (5120K)
 Metaspace       used 58359K, committed 59264K, reserved 1114112K
  class space    used 7632K, committed 8000K, reserved 1048576K
}
Event: 229.500 GC heap after
{Heap after GC invocations=23 (full 3):
 garbage-first heap   total 84992K, used 26714K [0x0000000780000000, 0x0000000800000000)
  region size 1024K, 0 young (0K), 0 survivors (0K)
 Metaspace       used 58324K, committed 59264K, reserved 1114112K
  class space    used 7623K, committed 8000K, reserved 1048576K
}
Event: 229.790 GC heap before
{Heap before GC invocations=23 (full 3):
 garbage-first heap   total 84992K, used 71770K [0x0000000780000000, 0x0000000800000000)
  region size 1024K, 45 young (46080K), 0 survivors (0K)
 Metaspace       used 58437K, committed 59328K, reserved 1114112K
  class space    used 7642K, committed 8000K, reserved 1048576K
}
Event: 229.792 GC heap after
{Heap after GC invocations=24 (full 3):
 garbage-first heap   total 84992K, used 31212K [0x0000000780000000, 0x0000000800000000)
  region size 1024K, 5 young (5120K), 5 survivors (5120K)
 Metaspace       used 58437K, committed 59328K, reserved 1114112K
  class space    used 7642K, committed 8000K, reserved 1048576K
}
Event: 708.357 GC heap before
{Heap before GC invocations=24 (full 3):
 garbage-first heap   total 84992K, used 71148K [0x0000000780000000, 0x0000000800000000)
  region size 1024K, 44 young (45056K), 5 survivors (5120K)
 Metaspace       used 58560K, committed 59328K, reserved 1114112K
  class space    used 7663K, committed 8000K, reserved 1048576K
}
Event: 708.368 GC heap after
{Heap after GC invocations=25 (full 3):
 garbage-first heap   total 84992K, used 31745K [0x0000000780000000, 0x0000000800000000)
  region size 1024K, 2 young (2048K), 2 survivors (2048K)
 Metaspace       used 58560K, committed 59328K, reserved 1114112K
  class space    used 7663K, committed 8000K, reserved 1048576K
}
Event: 751.654 GC heap before
{Heap before GC invocations=25 (full 3):
 garbage-first heap   total 84992K, used 35841K [0x0000000780000000, 0x0000000800000000)
  region size 1024K, 7 young (7168K), 2 survivors (2048K)
 Metaspace       used 58576K, committed 59328K, reserved 1114112K
  class space    used 7664K, committed 8000K, reserved 1048576K
}
Event: 751.689 GC heap after
{Heap after GC invocations=26 (full 4):
 garbage-first heap   total 84992K, used 23430K [0x0000000780000000, 0x0000000800000000)
  region size 1024K, 0 young (0K), 0 survivors (0K)
 Metaspace       used 58494K, committed 59328K, reserved 1114112K
  class space    used 7646K, committed 8000K, reserved 1048576K
}
Event: 776.581 GC heap before
{Heap before GC invocations=26 (full 4):
 garbage-first heap   total 84992K, used 70534K [0x0000000780000000, 0x0000000800000000)
  region size 1024K, 47 young (48128K), 0 survivors (0K)
 Metaspace       used 58707K, committed 59328K, reserved 1114112K
  class space    used 7697K, committed 8000K, reserved 1048576K
}

